Symbol range map extraction starting
Processing 14 files
startProcessing "sharkbot777/plumbus/Config.java" md5: 79806fbb5f9acec9fdd8797e1c361158
Cache Hit!
endProcessing "sharkbot777/plumbus/Config.java"

startProcessing "sharkbot777/plumbus/ModBlocks.java" md5: 9b87a662c8035c4437387ecc59ddd963
Cache Hit!
endProcessing "sharkbot777/plumbus/ModBlocks.java"

startProcessing "sharkbot777/plumbus/Plumbus.java" md5: 42174b8ef5a307fe2ccfe53239eed090
Cache Hit!
endProcessing "sharkbot777/plumbus/Plumbus.java"

startProcessing "sharkbot777/plumbus/blocks/PlumbusBlock.java" md5: b576b2f331987b803cc4834d11d1742b
Cache Hit!
endProcessing "sharkbot777/plumbus/blocks/PlumbusBlock.java"

startProcessing "sharkbot777/plumbus/compat/MainCompatHandler.java" md5: d3b8ebc51dd28c6ffa2af8618c229f6f
Cache Hit!
endProcessing "sharkbot777/plumbus/compat/MainCompatHandler.java"

startProcessing "sharkbot777/plumbus/compat/top/TOPCompatibility.java" md5: 184f4032cce75fda763db6ce8f387375
Cache Hit!
endProcessing "sharkbot777/plumbus/compat/top/TOPCompatibility.java"

startProcessing "sharkbot777/plumbus/compat/top/TOPInfoProvider.java" md5: 94f4021e1b80a5fb9218f5777c621247
Cache Hit!
endProcessing "sharkbot777/plumbus/compat/top/TOPInfoProvider.java"

startProcessing "sharkbot777/plumbus/compat/waila/WailaCompatibility.java" md5: f5d575f779d910ffc16ca4afd52acda7
Cache Hit!
endProcessing "sharkbot777/plumbus/compat/waila/WailaCompatibility.java"

startProcessing "sharkbot777/plumbus/compat/waila/WailaInfoProvider.java" md5: 936f74a644a30f3ced14f098a1204467
Cache Hit!
endProcessing "sharkbot777/plumbus/compat/waila/WailaInfoProvider.java"

startProcessing "sharkbot777/plumbus/network/PacketHandler.java" md5: 5ac54d4e91ef7f457fd1197574bf6da5
Cache Hit!
endProcessing "sharkbot777/plumbus/network/PacketHandler.java"

startProcessing "sharkbot777/plumbus/network/PacketSendKey.java" md5: 3b517be668dd5398d307c497f2ff5b65
Cache Hit!
endProcessing "sharkbot777/plumbus/network/PacketSendKey.java"

startProcessing "sharkbot777/plumbus/proxy/ClientProxy.java" md5: 9551ee052fa437974d5cc9b6805997ef
Cache Hit!
endProcessing "sharkbot777/plumbus/proxy/ClientProxy.java"

startProcessing "sharkbot777/plumbus/proxy/CommonProxy.java" md5: 6ec715b5c80fa7b928df19b84ab48944
Cache Hit!
endProcessing "sharkbot777/plumbus/proxy/CommonProxy.java"

startProcessing "sharkbot777/plumbus/proxy/ServerProxy.java" md5: 8d57c420512516f133f6e38abd579d73
Cache Hit!
endProcessing "sharkbot777/plumbus/proxy/ServerProxy.java"

